0 info it worked if it ends with ok
1 verbose cli [ '/usr/local/Cellar/node/7.4.0/bin/node',
1 verbose cli   '/usr/local/bin/npm',
1 verbose cli   'run',
1 verbose cli   'serve' ]
2 info using npm@4.0.5
3 info using node@v7.4.0
4 verbose run-script [ 'preserve', 'serve', 'postserve' ]
5 info lifecycle photoblog@~preserve: photoblog@
6 silly lifecycle photoblog@~preserve: no script for preserve, continuing
7 info lifecycle photoblog@~serve: photoblog@
8 verbose lifecycle photoblog@~serve: unsafe-perm in lifecycle true
9 verbose lifecycle photoblog@~serve: PATH: /usr/local/lib/node_modules/npm/bin/node-gyp-bin:/Users/user/Projects/photo_blog/node_modules/.bin:/usr/bin:/bin:/usr/sbin:/sbin:/usr/local/bin
10 verbose lifecycle photoblog@~serve: CWD: /Users/user/Projects/photo_blog
11 silly lifecycle photoblog@~serve: Args: [ '-c',
11 silly lifecycle   'webpack-dev-server --config config/develop.config.js --inline --progress --port 8080' ]
12 silly lifecycle photoblog@~serve: Returned: code: 1  signal: null
13 info lifecycle photoblog@~serve: Failed to exec serve script
14 verbose stack Error: photoblog@ serve: `webpack-dev-server --config config/develop.config.js --inline --progress --port 8080`
14 verbose stack Exit status 1
14 verbose stack     at EventEmitter.<anonymous> (/usr/local/lib/node_modules/npm/lib/utils/lifecycle.js:279:16)
14 verbose stack     at emitTwo (events.js:106:13)
14 verbose stack     at EventEmitter.emit (events.js:191:7)
14 verbose stack     at ChildProcess.<anonymous> (/usr/local/lib/node_modules/npm/lib/utils/spawn.js:40:14)
14 verbose stack     at emitTwo (events.js:106:13)
14 verbose stack     at ChildProcess.emit (events.js:191:7)
14 verbose stack     at maybeClose (internal/child_process.js:885:16)
14 verbose stack     at Process.ChildProcess._handle.onexit (internal/child_process.js:226:5)
15 verbose pkgid photoblog@
16 verbose cwd /Users/user/Projects/photo_blog
17 error Darwin 15.5.0
18 error argv "/usr/local/Cellar/node/7.4.0/bin/node" "/usr/local/bin/npm" "run" "serve"
19 error node v7.4.0
20 error npm  v4.0.5
21 error code ELIFECYCLE
22 error photoblog@ serve: `webpack-dev-server --config config/develop.config.js --inline --progress --port 8080`
22 error Exit status 1
23 error Failed at the photoblog@ serve script 'webpack-dev-server --config config/develop.config.js --inline --progress --port 8080'.
23 error Make sure you have the latest version of node.js and npm installed.
23 error If you do, this is most likely a problem with the photoblog package,
23 error not with npm itself.
23 error Tell the author that this fails on your system:
23 error     webpack-dev-server --config config/develop.config.js --inline --progress --port 8080
23 error You can get information on how to open an issue for this project with:
23 error     npm bugs photoblog
23 error Or if that isn't available, you can get their info via:
23 error     npm owner ls photoblog
23 error There is likely additional logging output above.
24 verbose exit [ 1, true ]
